<?xml version="1.0" encoding="UTF-8" ?>
<testsuite tests="9" failures="0" name="com.mastercode.javafuncional.factory.FunctionalTest" time="0.008" errors="0" skipped="0">
  <properties>
    <property name="java.runtime.name" value="Java(TM) SE Runtime Environment"/>
    <property name="java.vm.version" value="11.0.11+9-LTS-194"/>
    <property name="sun.boot.library.path" value="/home/thiago/Development/jdk/jdk-11.0.11/lib"/>
    <property name="user.country.format" value="PT"/>
    <property name="maven.multiModuleProjectDirectory" value="/home/thiago/Development/my-workspace/java-functional/javaFunctional"/>
    <property name="java.vm.vendor" value="Oracle Corporation"/>
    <property name="java.vendor.url" value="https://openjdk.java.net/"/>
    <property name="guice.disable.misplaced.annotation.check" value="true"/>
    <property name="path.separator" value=":"/>
    <property name="java.vm.name" value="Java HotSpot(TM) 64-Bit Server VM"/>
    <property name="sun.os.patch.level" value="unknown"/>
    <property name="user.country" value="US"/>
    <property name="sun.java.launcher" value="SUN_STANDARD"/>
    <property name="java.vm.specification.name" value="Java Virtual Machine Specification"/>
    <property name="user.dir" value="/home/thiago/Development/my-workspace/java-functional/javaFunctional"/>
    <property name="java.vm.compressedOopsMode" value="Zero based"/>
    <property name="java.runtime.version" value="11.0.11+9-LTS-194"/>
    <property name="java.awt.graphicsenv" value="sun.awt.X11GraphicsEnvironment"/>
    <property name="os.arch" value="amd64"/>
    <property name="java.io.tmpdir" value="/tmp"/>
    <property name="line.separator" value="
"/>
    <property name="java.vm.specification.vendor" value="Oracle Corporation"/>
    <property name="os.name" value="Linux"/>
    <property name="classworlds.conf" value="/home/thiago/Development/dependecy-management/apache-maven-3.8.1/bin/m2.conf"/>
    <property name="sun.jnu.encoding" value="UTF-8"/>
    <property name="java.library.path" value="/usr/java/packages/lib:/usr/lib64:/lib64:/lib:/usr/lib"/>
    <property name="maven.conf" value="/home/thiago/Development/dependecy-management/apache-maven-3.8.1/conf"/>
    <property name="jdk.debug" value="release"/>
    <property name="java.class.version" value="55.0"/>
    <property name="java.specification.name" value="Java Platform API Specification"/>
    <property name="sun.management.compiler" value="HotSpot 64-Bit Tiered Compilers"/>
    <property name="os.version" value="5.13.0-44-generic"/>
    <property name="library.jansi.path" value="/home/thiago/Development/dependecy-management/apache-maven-3.8.1/lib/jansi-native"/>
    <property name="user.home" value="/home/thiago"/>
    <property name="user.timezone" value="Europe/Lisbon"/>
    <property name="java.awt.printerjob" value="sun.print.PSPrinterJob"/>
    <property name="file.encoding" value="UTF-8"/>
    <property name="java.specification.version" value="11"/>
    <property name="user.name" value="thiago"/>
    <property name="java.class.path" value="/home/thiago/Development/dependecy-management/apache-maven-3.8.1/boot/plexus-classworlds-2.6.0.jar"/>
    <property name="java.vm.specification.version" value="11"/>
    <property name="sun.arch.data.model" value="64"/>
    <property name="sun.java.command" value="org.codehaus.plexus.classworlds.launcher.Launcher test"/>
    <property name="java.home" value="/home/thiago/Development/jdk/jdk-11.0.11"/>
    <property name="user.language" value="en"/>
    <property name="java.specification.vendor" value="Oracle Corporation"/>
    <property name="user.language.format" value="pt"/>
    <property name="awt.toolkit" value="sun.awt.X11.XToolkit"/>
    <property name="java.vm.info" value="mixed mode"/>
    <property name="java.version" value="11.0.11"/>
    <property name="securerandom.source" value="file:/dev/./urandom"/>
    <property name="java.vendor" value="Oracle Corporation"/>
    <property name="maven.home" value="/home/thiago/Development/dependecy-management/apache-maven-3.8.1"/>
    <property name="file.separator" value="/"/>
    <property name="java.version.date" value="2021-04-20"/>
    <property name="java.vendor.url.bug" value="https://bugreport.java.com/bugreport/"/>
    <property name="sun.io.unicode.encoding" value="UnicodeLittle"/>
    <property name="sun.cpu.endian" value="little"/>
    <property name="java.vendor.version" value="18.9"/>
    <property name="sun.desktop" value="gnome"/>
    <property name="sun.cpu.isalist" value=""/>
  </properties>
  <testcase classname="com.mastercode.javafuncional.factory.FunctionalTest" name="given_string_then_return_string_object" time="0.004"/>
  <testcase classname="com.mastercode.javafuncional.factory.FunctionalTest" name="given_null_then_return_the_other_object" time="0"/>
  <testcase classname="com.mastercode.javafuncional.factory.FunctionalTest" name="given_object_then_return_an_object" time="0"/>
  <testcase classname="com.mastercode.javafuncional.factory.FunctionalTest" name="given_object_then_not_throw_exception" time="0.001"/>
  <testcase classname="com.mastercode.javafuncional.factory.FunctionalTest" name="given_string_then_return_integer_object" time="0"/>
  <testcase classname="com.mastercode.javafuncional.factory.FunctionalTest" name="given_msg_then_print_the_msg" time="0.002"/>
  <testcase classname="com.mastercode.javafuncional.factory.FunctionalTest" name="given_obj_then_return_the_same_object" time="0"/>
  <testcase classname="com.mastercode.javafuncional.factory.FunctionalTest" name="given_null_then_throw_exception" time="0.001"/>
  <testcase classname="com.mastercode.javafuncional.factory.FunctionalTest" name="Given_object_then_return_functional_object" time="0"/>
</testsuite>